# Result of evaluating (Λ - H)ⁿ|ψ₀〉for
# Λ = 10
# n = 2000
# E₀ = 〈ψ₀|H|ψ₀〉= -17.100000 + -1.11e-16i
# => E = -18.061785 + 9.78e-18i
1010001011	-1.5774638742e-02	1.4126559639e-03
0010101011	-1.3329942035e-01	1.1937276297e-02
1001001110	3.0228650889e-02	-2.7070467134e-03
0001101110	6.3420191154e-03	-5.6794271321e-04
1101001101	1.4820223592e-56	0.0000000000e+00
0101101101	5.2487703406e-56	0.0000000000e+00
0010010111	-3.0228650889e-02	2.7070467134e-03
1010111010	-3.8157187228e-56	0.0000000000e+00
0101011001	1.3329942035e-01	-1.1937276297e-02
1100100011	6.3420191154e-03	-5.6794271321e-04
1011100110	2.1179910381e-56	0.0000000000e+00
1110101000	-2.4160529450e-02	2.1636321807e-03
0100001111	-2.8849138505e-03	2.5835081381e-04
0011110010	6.3420191154e-03	-5.6794271321e-04
1011010010	1.0307076946e-01	-9.2302295840e-03
1111010001	1.4898318408e-57	0.0000000000e+00
0111110001	1.4898318408e-57	0.0000000000e+00
1110010100	-4.5162247373e-02	4.0443853670e-03
0110110100	-3.0228650889e-02	2.7070467134e-03
1100011110	-3.3804729711e-57	0.0000000000e+00
0100111110	-2.5942503518e-57	0.0000000000e+00
0110100111	-1.6430798638e-56	0.0000000000e+00
1110000111	-2.6641212466e-58	0.0000000000e+00
1101001010	1.0307076946e-01	-9.2302295840e-03
0101101010	1.0307076946e-01	-9.2302295840e-03
1010101001	-1.3329942035e-01	1.1937276297e-02
1001101100	4.8252847884e-02	-4.3211559046e-03
0110010011	-4.8252847884e-02	4.3211559046e-03
0101010110	1.3329942035e-01	-1.1937276297e-02
0010110101	-1.0307076946e-01	9.2302295840e-03
1010010101	-1.0307076946e-01	9.2302295840e-03
0000111111	-2.6641212466e-58	0.0000000000e+00
1000011111	-2.6641212466e-58	0.0000000000e+00
1111100010	1.4898318408e-57	0.0000000000e+00
0001101011	4.5162247373e-02	-4.0443853670e-03
1001001011	3.0228650889e-02	-2.7070467134e-03
0111001110	-9.2242831308e-57	0.0000000000e+00
0100101101	-1.0307076946e-01	9.2302295840e-03
1100001101	-6.3420191154e-03	5.6794271321e-04
1011110000	2.8849138505e-03	-2.5835081381e-04
0001010111	2.4160529450e-02	-2.1636321807e-03
1001111010	1.0423503684e-56	0.0000000000e+00
1100111100	-6.8819658344e-57	0.0000000000e+00
0011011100	-6.3420191154e-03	5.6794271321e-04
1011100011	4.3141065099e-57	0.0000000000e+00
1010100110	-1.3329942035e-01	1.1937276297e-02
1110100101	-7.4420980016e-57	0.0000000000e+00
1101101000	3.0228650889e-02	-2.7070467134e-03
0011001111	-6.8819658344e-57	0.0000000000e+00
1110010001	-6.3420191154e-03	5.6794271321e-04
0110110001	-3.0228650889e-02	2.7070467134e-03
0101110100	1.5774638742e-02	-1.4126559639e-03
1101010100	1.3329942035e-01	-1.1937276297e-02
1100011011	-3.3804729711e-57	0.0000000000e+00
0100111011	-1.6430798638e-56	0.0000000000e+00
1000111101	-3.3804729711e-57	0.0000000000e+00
1101000111	1.4898318408e-57	0.0000000000e+00
0101100111	2.1179910381e-56	0.0000000000e+00
1001101001	6.4250541205e-02	-5.7537869302e-03
0111101100	-3.3804729711e-57	0.0000000000e+00
1111001100	-6.8819658344e-57	0.0000000000e+00
0101010011	1.3329942035e-01	-1.1937276297e-02
1001010101	1.3329942035e-01	-1.1937276297e-02
0001110101	2.4160529450e-02	-2.1636321807e-03
0111011000	-6.3420191154e-03	5.6794271321e-04
1110100010	-1.5774638742e-02	1.4126559639e-03
0111001011	-1.6430798638e-56	0.0000000000e+00
0110001110	1.7818510335e-02	-1.5956894675e-03
1011001101	-2.4633276656e-56	0.0000000000e+00
0011101101	-1.6430798638e-56	0.0000000000e+00
1000111010	-2.4160529450e-02	2.1636321807e-03
1100111001	-9.2242831308e-57	0.0000000000e+00
0011011001	-4.8252847884e-02	4.3211559046e-03
1010100011	-2.4160529450e-02	2.1636321807e-03
1001100110	6.4250541205e-02	-5.7537869302e-03
1101100101	1.4820223592e-56	0.0000000000e+00
0010001111	6.3420191154e-03	-5.6794271321e-04
0101110001	2.4160529450e-02	-2.1636321807e-03
1101010001	2.4160529450e-02	-2.1636321807e-03
1010011110	1.0423503684e-56	0.0000000000e+00
0010111110	1.4898318408e-57	0.0000000000e+00
0100100111	-3.0228650889e-02	2.7070467134e-03
1100000111	-4.7958433681e-04	4.2947904209e-05
1011001010	-1.3329942035e-01	1.1937276297e-02
0011101010	-2.4160529450e-02	2.1636321807e-03
1111001001	-2.5942503518e-57	0.0000000000e+00
0111101001	-7.4420980016e-57	0.0000000000e+00
0110101100	4.5162247373e-02	-4.0443853670e-03
1110001100	1.7818510335e-02	-1.5956894675e-03
1100110110	-2.4633276656e-56	0.0000000000e+00
0011010110	-4.5162247373e-02	4.0443853670e-03
0111010101	-3.8157187228e-56	0.0000000000e+00
1101100010	3.0228650889e-02	-2.7070467134e-03
0110001011	3.0228650889e-02	-2.7070467134e-03
0101001110	-4.5162247373e-02	4.0443853670e-03
0010101101	1.0307076946e-01	-9.2302295840e-03
1010001101	3.0228650889e-02	-2.7070467134e-03
1000110111	-3.3804729711e-57	0.0000000000e+00
1110011010	2.1179910381e-56	0.0000000000e+00
0110111010	1.4820223592e-56	0.0000000000e+00
1010111100	1.0423503684e-56	0.0000000000e+00
1001100011	1.7818510335e-02	-1.5956894675e-03
1111000110	-3.3804729711e-57	0.0000000000e+00
0111100110	-6.8819658344e-57	0.0000000000e+00
1100100101	-3.0228650889e-02	2.7070467134e-03
1011101000	-1.5774638742e-02	1.4126559639e-03
0001001111	-6.3420191154e-03	5.6794271321e-04
0111010010	-3.0228650889e-02	2.7070467134e-03
0011110100	-2.8849138505e-03	2.5835081381e-04
1011010100	-1.0307076946e-01	9.2302295840e-03
1010011011	1.4820223592e-56	0.0000000000e+00
0010111011	1.4820223592e-56	0.0000000000e+00
0001111110	-2.6641212466e-58	0.0000000000e+00
1001011110	-7.4420980016e-57	0.0000000000e+00
1011000111	-3.3804729711e-57	0.0000000000e+00
0011100111	-9.2242831308e-57	0.0000000000e+00
1110001001	6.3420191154e-03	-5.6794271321e-04
0110101001	1.0307076946e-01	-9.2302295840e-03
0101101100	-3.0228650889e-02	2.7070467134e-03
1101001100	-6.4250541205e-02	5.7537869302e-03
1100110011	-6.8819658344e-57	0.0000000000e+00
0011010011	-6.4250541205e-02	5.7537869302e-03
0110010101	1.3329942035e-01	-1.1937276297e-02
1110111000	4.3141065099e-57	0.0000000000e+00
0100011111	1.4898318408e-57	0.0000000000e+00
1111100100	-2.5942503518e-57	0.0000000000e+00
0101001011	-1.0307076946e-01	9.2302295840e-03
1001001101	-4.8252847884e-02	4.3211559046e-03
0001101101	-3.0228650889e-02	2.7070467134e-03
1111010000	-2.8849138505e-03	2.5835081381e-04
0111110000	-4.7958433681e-04	4.2947904209e-05
1101011010	-5.6837747859e-56	0.0000000000e+00
0101111010	-7.4420980016e-57	0.0000000000e+00
1010111001	2.1179910381e-56	0.0000000000e+00
1001111100	-2.5942503518e-57	0.0000000000e+00
1111000011	-2.6641212466e-58	0.0000000000e+00
0111100011	-3.3804729711e-57	0.0000000000e+00
1110000110	6.3420191154e-03	-5.6794271321e-04
0110100110	6.4250541205e-02	-5.7537869302e-03
1011100101	-1.6430798638e-56	0.0000000000e+00
0011110001	-6.3420191154e-03	5.6794271321e-04
1011010001	-3.0228650889e-02	2.7070467134e-03
1001011011	-1.6430798638e-56	0.0000000000e+00
0001111011	-3.3804729711e-57	0.0000000000e+00
1000011110	2.8849138505e-03	-2.5835081381e-04
0000111110	4.7958433681e-04	-4.2947904209e-05
0100111101	1.0423503684e-56	0.0000000000e+00
1100011101	4.3141065099e-57	0.0000000000e+00
0010100111	4.5162247373e-02	-4.0443853670e-03
1010000111	2.8849138505e-03	-2.5835081381e-04
1101001001	-3.0228650889e-02	2.7070467134e-03
0101101001	-1.0307076946e-01	9.2302295840e-03
1010110110	5.2487703406e-56	0.0000000000e+00
0101010101	-3.3069453834e-01	2.9614472920e-02
1101111000	-3.3804729711e-57	0.0000000000e+00
1011100010	-2.4160529450e-02	2.1636321807e-03
1111100001	-2.6641212466e-58	0.0000000000e+00
1110100100	3.0228650889e-02	-2.7070467134e-03
0011001110	1.7818510335e-02	-1.5956894675e-03
1100101110	1.4820223592e-56	0.0000000000e+00
0111001101	2.1179910381e-56	0.0000000000e+00
1100011010	4.5162247373e-02	-4.0443853670e-03
0100111010	3.0228650889e-02	-2.7070467134e-03
1001111001	-6.8819658344e-57	0.0000000000e+00
1000111100	6.3420191154e-03	-5.6794271321e-04
1110000011	4.7958433681e-04	-4.2947904209e-05
0110100011	3.0228650889e-02	-2.7070467134e-03
0101100110	-6.4250541205e-02	5.7537869302e-03
1101000110	-3.0228650889e-02	2.7070467134e-03
1010100101	1.0307076946e-01	-9.2302295840e-03
1000101111	1.4898318408e-57	0.0000000000e+00
1110110010	1.4820223592e-56	0.0000000000e+00
1000011011	6.3420191154e-03	-5.6794271321e-04
0000111011	6.3420191154e-03	-5.6794271321e-04
0110011110	-6.8819658344e-57	0.0000000000e+00
1001000111	-6.3420191154e-03	5.6794271321e-04
0001100111	-1.7818510335e-02	1.5956894675e-03
0111001010	4.5162247373e-02	-4.0443853670e-03
1011001100	6.4250541205e-02	-5.7537869302e-03
0011101100	6.3420191154e-03	-5.6794271321e-04
1010110011	2.1179910381e-56	0.0000000000e+00
1001110110	-1.6430798638e-56	0.0000000000e+00
1100111000	1.7818510335e-02	-1.5956894675e-03
0010011111	-2.5942503518e-57	0.0000000000e+00
1110100001	2.8849138505e-03	-2.5835081381e-04
1101100100	-4.8252847884e-02	4.3211559046e-03
1100101011	1.0423503684e-56	0.0000000000e+00
0011001011	6.4250541205e-02	-5.7537869302e-03
0110001101	-4.5162247373e-02	4.0443853670e-03
0100110111	1.4820223592e-56	0.0000000000e+00
1100010111	1.4898318408e-57	0.0000000000e+00
1011011010	5.2487703406e-56	0.0000000000e+00
0011111010	1.4898318408e-57	0.0000000000e+00
1000111001	1.7818510335e-02	-1.5956894675e-03
1110011100	-9.2242831308e-57	0.0000000000e+00
0110111100	-3.3804729711e-57	0.0000000000e+00
0101100011	-4.5162247373e-02	4.0443853670e-03
1101000011	-2.8849138505e-03	2.5835081381e-04
1001100101	-6.4250541205e-02	5.7537869302e-03
0111101000	2.8849138505e-03	-2.5835081381e-04
1111001000	6.3420191154e-03	-5.6794271321e-04
1101110010	-1.6430798638e-56	0.0000000000e+00
0111010100	2.4160529450e-02	-2.1636321807e-03
0110011011	-2.4633276656e-56	0.0000000000e+00
0101011110	1.0423503684e-56	0.0000000000e+00
0010111101	-7.4420980016e-57	0.0000000000e+00
1010011101	-1.6430798638e-56	0.0000000000e+00
0111000111	4.3141065099e-57	0.0000000000e+00
0011101001	3.0228650889e-02	-2.7070467134e-03
1011001001	4.8252847884e-02	-4.3211559046e-03
1001110011	-9.2242831308e-57	0.0000000000e+00
1000110110	3.0228650889e-02	-2.7070467134e-03
1100110101	2.1179910381e-56	0.0000000000e+00
0011010101	1.3329942035e-01	-1.1937276297e-02
1011111000	1.4898318408e-57	0.0000000000e+00
0001011111	1.4898318408e-57	0.0000000000e+00
1101100001	-6.3420191154e-03	5.6794271321e-04
1010101110	-3.8157187228e-56	0.0000000000e+00
0101001101	1.3329942035e-01	-1.1937276297e-02
0010111010	-1.5774638742e-02	1.4126559639e-03
1010011010	-1.3329942035e-01	1.1937276297e-02
1110011001	-6.8819658344e-57	0.0000000000e+00
0110111001	-1.6430798638e-56	0.0000000000e+00
0101111100	1.4898318408e-57	0.0000000000e+00
1101011100	2.1179910381e-56	0.0000000000e+00
0011100110	1.7818510335e-02	-1.5956894675e-03
1011000110	4.5162247373e-02	-4.0443853670e-03
0111100101	1.0423503684e-56	0.0000000000e+00
1111000101	1.4898318408e-57	0.0000000000e+00
1100110010	6.4250541205e-02	-5.7537869302e-03
0111010001	1.5774638742e-02	-1.4126559639e-03
0101011011	5.2487703406e-56	0.0000000000e+00
0100011110	-6.3420191154e-03	5.6794271321e-04
1001011101	1.4820223592e-56	0.0000000000e+00
0001111101	1.4898318408e-57	0.0000000000e+00
0110000111	-6.3420191154e-03	5.6794271321e-04
1110101010	-3.8157187228e-56	0.0000000000e+00
1000110011	1.7818510335e-02	-1.5956894675e-03
1110010110	-1.6430798638e-56	0.0000000000e+00
0110110110	-2.4633276656e-56	0.0000000000e+00
1010111000	-2.4160529450e-02	2.1636321807e-03
0000011111	-4.7958433681e-04	4.2947904209e-05
1111000010	2.8849138505e-03	-2.5835081381e-04
0111100010	6.3420191154e-03	-5.6794271321e-04
1011100100	3.0228650889e-02	-2.7070467134e-03
1010101011	-3.8157187228e-56	0.0000000000e+00
1001101110	1.4820223592e-56	0.0000000000e+00
0010110111	-1.6430798638e-56	0.0000000000e+00
1010010111	-7.4420980016e-57	0.0000000000e+00
0001111010	2.8849138505e-03	-2.5835081381e-04
1001011010	1.0307076946e-01	-9.2302295840e-03
0101111001	1.0423503684e-56	0.0000000000e+00
1101011001	2.1179910381e-56	0.0000000000e+00
1100011100	-1.7818510335e-02	1.5956894675e-03
0100111100	-6.3420191154e-03	5.6794271321e-04
0011100011	1.7818510335e-02	-1.5956894675e-03
1011000011	6.3420191154e-03	-5.6794271321e-04
0110100101	-1.0307076946e-01	9.2302295840e-03
1110000101	-2.8849138505e-03	2.5835081381e-04
1100001111	-2.6641212466e-58	0.0000000000e+00
0100101111	-7.4420980016e-57	0.0000000000e+00
1011110010	1.0423503684e-56	0.0000000000e+00
1110110100	-1.6430798638e-56	0.0000000000e+00
0100011011	-3.0228650889e-02	2.7070467134e-03
0011011110	-3.3804729711e-57	0.0000000000e+00
0000111101	-2.8849138505e-03	2.5835081381e-04
1000011101	-6.3420191154e-03	5.6794271321e-04
1111100000	4.7958433681e-04	-4.2947904209e-05
0101000111	2.4160529450e-02	-2.1636321807e-03
1101101010	5.2487703406e-56	0.0000000000e+00
0111001100	-1.7818510335e-02	1.5956894675e-03
1110010011	-2.5942503518e-57	0.0000000000e+00
0110110011	-2.4633276656e-56	0.0000000000e+00
0101110110	1.4820223592e-56	0.0000000000e+00
1101010110	5.2487703406e-56	0.0000000000e+00
1010110101	-5.6837747859e-56	0.0000000000e+00
1001111000	6.3420191154e-03	-5.6794271321e-04
1011100001	6.3420191154e-03	-5.6794271321e-04
1001101011	2.1179910381e-56	0.0000000000e+00
1000101110	-1.5774638742e-02	1.4126559639e-03
1100101101	-1.6430798638e-56	0.0000000000e+00
0011001101	-6.4250541205e-02	5.7537869302e-03
1001010111	1.0423503684e-56	0.0000000000e+00
0001110111	4.3141065099e-57	0.0000000000e+00
0111011010	-1.6430798638e-56	0.0000000000e+00
1100011001	-1.7818510335e-02	1.5956894675e-03
0100111001	-4.5162247373e-02	4.0443853670e-03
0011111100	-2.6641212466e-58	0.0000000000e+00
1011011100	-1.6430798638e-56	0.0000000000e+00
0101100101	1.3329942035e-01	-1.1937276297e-02
1101000101	1.5774638742e-02	-1.4126559639e-03
1010110010	-1.3329942035e-01	1.1937276297e-02
1110110001	-3.3804729711e-57	0.0000000000e+00
1101110100	1.4820223592e-56	0.0000000000e+00
0011011011	-2.4633276656e-56	0.0000000000e+00
0010011110	6.3420191154e-03	-5.6794271321e-04
0110011101	2.1179910381e-56	0.0000000000e+00
1100101010	-1.3329942035e-01	1.1937276297e-02
0111001001	-3.0228650889e-02	2.7070467134e-03
0101110011	2.1179910381e-56	0.0000000000e+00
1101010011	1.0423503684e-56	0.0000000000e+00
1100010110	-3.0228650889e-02	2.7070467134e-03
0100110110	-4.8252847884e-02	4.3211559046e-03
1001110101	2.1179910381e-56	0.0000000000e+00
1111011000	-3.3804729711e-57	0.0000000000e+00
0111111000	-2.6641212466e-58	0.0000000000e+00
1000101011	-2.4160529450e-02	2.1636321807e-03
1110001110	4.3141065099e-57	0.0000000000e+00
0110101110	2.1179910381e-56	0.0000000000e+00
1000010111	-2.8849138505e-03	2.5835081381e-04
0000110111	-6.3420191154e-03	5.6794271321e-04
0110011010	6.4250541205e-02	-5.7537869302e-03
0011111001	-2.5942503518e-57	0.0000000000e+00
1011011001	-2.4633276656e-56	0.0000000000e+00
1010011100	4.5162247373e-02	-4.0443853670e-03
0010111100	2.8849138505e-03	-2.5835081381e-04
0111000110	-1.7818510335e-02	1.5956894675e-03
1010001111	1.4898318408e-57	0.0000000000e+00
0010101111	1.0423503684e-56	0.0000000000e+00
1001110010	4.5162247373e-02	-4.0443853670e-03
1101110001	4.3141065099e-57	0.0000000000e+00
1100110100	-6.4250541205e-02	5.7537869302e-03
0010011011	4.8252847884e-02	-4.3211559046e-03
0001011110	-2.8849138505e-03	2.5835081381e-04
0101011101	-3.8157187228e-56	0.0000000000e+00
0011000111	-1.7818510335e-02	1.5956894675e-03
1100100111	-2.5942503518e-57	0.0000000000e+00
1011101010	-3.8157187228e-56	0.0000000000e+00
1110101100	2.1179910381e-56	0.0000000000e+00
1100010011	-6.3420191154e-03	5.6794271321e-04
0100110011	-6.4250541205e-02	5.7537869302e-03
0011110110	-3.3804729711e-57	0.0000000000e+00
1011010110	-5.6837747859e-56	0.0000000000e+00
1000110101	-4.5162247373e-02	4.0443853670e-03
0110111000	6.3420191154e-03	-5.6794271321e-04
1110011000	1.7818510335e-02	-1.5956894675e-03
0111100100	-6.3420191154e-03	5.6794271321e-04
1111000100	-6.3420191154e-03	5.6794271321e-04
1110001011	1.4898318408e-57	0.0000000000e+00
0110101011	5.2487703406e-56	0.0000000000e+00
1101001110	-1.6430798638e-56	0.0000000000e+00
0101101110	-1.6430798638e-56	0.0000000000e+00
1010101101	5.2487703406e-56	0.0000000000e+00
0110010111	1.4820223592e-56	0.0000000000e+00
0101011010	-1.0307076946e-01	9.2302295840e-03
1010011001	6.4250541205e-02	-5.7537869302e-03
0010111001	3.0228650889e-02	-2.7070467134e-03
0001111100	-4.7958433681e-04	4.2947904209e-05
1001011100	-3.0228650889e-02	2.7070467134e-03
0111000011	-6.3420191154e-03	5.6794271321e-04
0011100101	-4.5162247373e-02	4.0443853670e-03
1011000101	-3.0228650889e-02	2.7070467134e-03
1001001111	-2.5942503518e-57	0.0000000000e+00
0001101111	-3.3804729711e-57	0.0000000000e+00
1111010010	-7.4420980016e-57	0.0000000000e+00
0111110010	-2.5942503518e-57	0.0000000000e+00
1100110001	-1.7818510335e-02	1.5956894675e-03
1011110100	-7.4420980016e-57	0.0000000000e+00
0001011011	-3.0228650889e-02	2.7070467134e-03
0100011101	2.4160529450e-02	-2.1636321807e-03
1010101010	3.3069453834e-01	-2.9614472920e-02
1110101001	1.0423503684e-56	0.0000000000e+00
1101101100	-2.4633276656e-56	0.0000000000e+00
0011110011	-6.8819658344e-57	0.0000000000e+00
1011010011	-1.6430798638e-56	0.0000000000e+00
0010110110	3.0228650889e-02	-2.7070467134e-03
1010010110	1.0307076946e-01	-9.2302295840e-03
0110110101	5.2487703406e-56	0.0000000000e+00
1110010101	1.0423503684e-56	0.0000000000e+00
1101011000	-4.5162247373e-02	4.0443853670e-03
0101111000	-2.8849138505e-03	2.5835081381e-04
0111100001	-2.8849138505e-03	2.5835081381e-04
1111000001	-4.7958433681e-04	4.2947904209e-05
1101001011	-7.4420980016e-57	0.0000000000e+00
0101101011	-5.6837747859e-56	0.0000000000e+00
1100001110	6.3420191154e-03	-5.6794271321e-04
0100101110	3.0228650889e-02	-2.7070467134e-03
1001101101	-2.4633276656e-56	0.0000000000e+00
1111110000	-2.6641212466e-58	0.0000000000e+00
0101010111	-3.8157187228e-56	0.0000000000e+00
0001111001	-6.3420191154e-03	5.6794271321e-04
1001011001	-6.4250541205e-02	5.7537869302e-03
0111011100	4.3141065099e-57	0.0000000000e+00
1110100110	1.4820223592e-56	0.0000000000e+00
0000101111	2.8849138505e-03	-2.5835081381e-04
1000001111	4.7958433681e-04	-4.2947904209e-05
0110110010	4.8252847884e-02	-4.3211559046e-03
1110010010	3.0228650889e-02	-2.7070467134e-03
1011110001	-3.3804729711e-57	0.0000000000e+00
1010110100	1.0307076946e-01	-9.2302295840e-03
1000111110	1.4898318408e-57	0.0000000000e+00
0011011101	1.4820223592e-56	0.0000000000e+00
1010100111	1.0423503684e-56	0.0000000000e+00
1001101010	-1.3329942035e-01	1.1937276297e-02
1101101001	-1.6430798638e-56	0.0000000000e+00
1100101100	6.4250541205e-02	-5.7537869302e-03
1010010011	3.0228650889e-02	-2.7070467134e-03
0010110011	6.4250541205e-02	-5.7537869302e-03
1001010110	-1.0307076946e-01	9.2302295840e-03
0001110110	-6.3420191154e-03	5.6794271321e-04
1101010101	-3.8157187228e-56	0.0000000000e+00
0101110101	-3.8157187228e-56	0.0000000000e+00
1100001011	2.8849138505e-03	-2.5835081381e-04
0100101011	1.0307076946e-01	-9.2302295840e-03
0011101110	4.3141065099e-57	0.0000000000e+00
1011001110	2.1179910381e-56	0.0000000000e+00
1000101101	3.0228650889e-02	-2.7070467134e-03
1110110000	6.3420191154e-03	-5.6794271321e-04
0100010111	1.5774638742e-02	-1.4126559639e-03
0011011010	3.0228650889e-02	-2.7070467134e-03
1100111010	2.1179910381e-56	0.0000000000e+00
0111011001	1.4820223592e-56	0.0000000000e+00
0110011100	-1.7818510335e-02	1.5956894675e-03
1110100011	1.4898318408e-57	0.0000000000e+00
1101100110	-2.4633276656e-56	0.0000000000e+00
0110001111	-3.3804729711e-57	0.0000000000e+00
0101110010	-3.0228650889e-02	2.7070467134e-03
1101010010	-1.0307076946e-01	9.2302295840e-03
1010110001	4.5162247373e-02	-4.0443853670e-03
1001110100	-3.0228650889e-02	2.7070467134e-03
1000111011	4.3141065099e-57	0.0000000000e+00
0010011101	-3.0228650889e-02	2.7070467134e-03
1001100111	-6.8819658344e-57	0.0000000000e+00
1111001010	1.0423503684e-56	0.0000000000e+00
0111101010	1.0423503684e-56	0.0000000000e+00
1100101001	4.5162247373e-02	-4.0443853670e-03
1011101100	1.4820223592e-56	0.0000000000e+00
1001010011	-4.5162247373e-02	4.0443853670e-03
0001110011	-1.7818510335e-02	1.5956894675e-03
0111010110	2.1179910381e-56	0.0000000000e+00
0100110101	1.3329942035e-01	-1.1937276297e-02
1100010101	2.4160529450e-02	-2.1636321807e-03
1011011000	3.0228650889e-02	-2.7070467134e-03
0011111000	4.7958433681e-04	-4.2947904209e-05
0011101011	2.1179910381e-56	0.0000000000e+00
1011001011	1.4820223592e-56	0.0000000000e+00
1010001110	-2.4160529450e-02	2.1636321807e-03
0010101110	-2.4160529450e-02	2.1636321807e-03
1110001101	-3.3804729711e-57	0.0000000000e+00
0110101101	-5.6837747859e-56	0.0000000000e+00
1101110000	-6.3420191154e-03	5.6794271321e-04
0011010111	2.1179910381e-56	0.0000000000e+00
0110011001	-6.4250541205e-02	5.7537869302e-03
0101011100	2.4160529450e-02	-2.1636321807e-03
1101100011	-3.3804729711e-57	0.0000000000e+00
1100100110	4.8252847884e-02	-4.3211559046e-03
0111000101	2.4160529450e-02	-2.1636321807e-03
1111101000	1.4898318408e-57	0.0000000000e+00
0101001111	1.0423503684e-56	0.0000000000e+00
1001110001	-1.7818510335e-02	1.5956894675e-03
0111110100	1.4898318408e-57	0.0000000000e+00
1111010100	1.0423503684e-56	0.0000000000e+00
0001011101	1.5774638742e-02	-1.4126559639e-03
1000100111	6.3420191154e-03	-5.6794271321e-04
0110101010	-1.3329942035e-01	1.1937276297e-02
1110001010	-2.4160529450e-02	2.1636321807e-03
1011101001	1.4820223592e-56	0.0000000000e+00
1010101100	-1.3329942035e-01	1.1937276297e-02
0111010011	1.4820223592e-56	0.0000000000e+00
0110010110	-6.4250541205e-02	5.7537869302e-03
1011010101	5.2487703406e-56	0.0000000000e+00
0011110101	1.0423503684e-56	0.0000000000e+00
